<?xml version="1.0" encoding="UTF-8"?>
<testsuite xmlns:xsi="http://www.w3.org/2001/XMLSchema-instance" xsi:noNamespaceSchemaLocation="https://maven.apache.org/surefire/maven-surefire-plugin/xsd/surefire-test-report.xsd" version="3.0.2" name="com.example.relationaldataaccess.RelationalDataAccessApplicationTests" time="3.33" tests="1" errors="0" skipped="0" failures="0">
  <properties>
[...]
</properties>
  <testcase name="contextLoads" classname="com.example.relationaldataaccess.RelationalDataAccessApplicationTests" time="0.821">
    <system-out><![CDATA[23:34:50.680 [main] INFO org.springframework.test.context.support.AnnotationConfigContextLoaderUtils -- Could not detect default configuration classes for test class [com.example.relationaldataaccess.RelationalDataAccessApplicationTests]: RelationalDataAccessApplicationTests does not declare any static, non-private, non-final, nested classes annotated with @Configuration.
23:34:50.842 [main] INFO org.springframework.boot.test.context.SpringBootTestContextBootstrapper -- Found @SpringBootConfiguration com.example.relationaldataaccess.RelationalDataAccessApplication for test class com.example.relationaldataaccess.RelationalDataAccessApplicationTests

  .   ____          _            __ _ _
 /\\ / ___'_ __ _ _(_)_ __  __ _ \ \ \ \
( ( )\___ | '_ | '_| | '_ \/ _` | \ \ \ \
 \\/  ___)| |_)| | | | | || (_| |  ) ) ) )
  '  |____| .__|_| |_|_| |_\__, | / / / /
 =========|_|==============|___/=/_/_/_/

 :: Spring Boot ::                (v4.0.0)

2025-12-15T23:34:51.476Z  INFO 2713 --- [           main] e.r.RelationalDataAccessApplicationTests : Starting RelationalDataAccessApplicationTests using Java 21.0.9 with PID 2713 (started by runner in /home/runner/work/ci-cd-hub/ci-cd-hub/repo/modules/04-spring-relational-data-access)
2025-12-15T23:34:51.478Z  INFO 2713 --- [           main] e.r.RelationalDataAccessApplicationTests : No active profile set, falling back to 1 default profile: "default"
2025-12-15T23:34:52.342Z  INFO 2713 --- [           main] e.r.RelationalDataAccessApplicationTests : Started RelationalDataAccessApplicationTests in 1.264 seconds (process running for 3.011)
2025-12-15T23:34:52.346Z  INFO 2713 --- [           main] c.e.r.RelationalDataAccessApplication    : Creating tables
2025-12-15T23:34:52.351Z  INFO 2713 --- [           main] com.zaxxer.hikari.HikariDataSource       : HikariPool-1 - Starting...
2025-12-15T23:34:52.774Z  INFO 2713 --- [           main] com.zaxxer.hikari.pool.HikariPool        : HikariPool-1 - Added connection conn0: url=jdbc:h2:mem:94999d82-fd8a-4aa8-b652-95fc59aee700 user=SA
2025-12-15T23:34:52.777Z  INFO 2713 --- [           main] com.zaxxer.hikari.HikariDataSource       : HikariPool-1 - Start completed.
2025-12-15T23:34:52.815Z  INFO 2713 --- [           main] c.e.r.RelationalDataAccessApplication    : Inserting customer record for John Woo
2025-12-15T23:34:52.815Z  INFO 2713 --- [           main] c.e.r.RelationalDataAccessApplication    : Inserting customer record for Jeff Dean
2025-12-15T23:34:52.815Z  INFO 2713 --- [           main] c.e.r.RelationalDataAccessApplication    : Inserting customer record for Josh Bloch
2025-12-15T23:34:52.815Z  INFO 2713 --- [           main] c.e.r.RelationalDataAccessApplication    : Inserting customer record for Josh Long
2025-12-15T23:34:52.843Z  INFO 2713 --- [           main] c.e.r.RelationalDataAccessApplication    : Querying for customer records where first_name = 'Josh':
2025-12-15T23:34:52.874Z  INFO 2713 --- [           main] c.e.r.RelationalDataAccessApplication    : Customer[id=3, firstName='Josh', lastName='Bloch']
2025-12-15T23:34:52.874Z  INFO 2713 --- [           main] c.e.r.RelationalDataAccessApplication    : Customer[id=4, firstName='Josh', lastName='Long']
]]></system-out>
    <system-err><![CDATA[Mockito is currently self-attaching to enable the inline-mock-maker. This will no longer work in future releases of the JDK. Please add Mockito as an agent to your build as described in Mockito's documentation: https://javadoc.io/doc/org.mockito/mockito-core/latest/org.mockito/org/mockito/Mockito.html#0.3
WARNING: A Java agent has been loaded dynamically (/home/runner/.m2/repository/net/bytebuddy/byte-buddy-agent/1.17.8/byte-buddy-agent-1.17.8.jar)
WARNING: If a serviceability tool is in use, please run with -XX:+EnableDynamicAgentLoading to hide this warning
WARNING: If a serviceability tool is not in use, please run with -Djdk.instrument.traceUsage for more information
WARNING: Dynamic loading of agents will be disallowed by default in a future release
]]></system-err>
  </testcase>
</testsuite>