{"meta": {"format": 3, "version": "7.13.1", "timestamp": "2026-01-05T21:13:22.119090", "branch_coverage": false, "show_contexts": false}, "files": {"cihub/config/__init__.py": {"executed_lines": [3, 5, 17, 22, 23, 24, 26], "summary": {"covered_lines": 7, "num_statements": 7, "percent_covered": 100.0, "percent_covered_display": "100", "missing_lines": 0, "excluded_lines": 0, "percent_statements_covered": 100.0, "percent_statements_covered_display": "100"}, "missing_lines": [], "excluded_lines": [], "functions": {"": {"executed_lines": [3, 5, 17, 22, 23, 24, 26], "summary": {"covered_lines": 7, "num_statements": 7, "percent_covered": 100.0, "percent_covered_display": "100", "missing_lines": 0, "excluded_lines": 0, "percent_statements_covered": 100.0, "percent_statements_covered_display": "100"}, "missing_lines": [], "excluded_lines": [], "start_line": 1}}, "classes": {"": {"executed_lines": [3, 5, 17, 22, 23, 24, 26], "summary": {"covered_lines": 7, "num_statements": 7, "percent_covered": 100.0, "percent_covered_display": "100", "missing_lines": 0, "excluded_lines": 0, "percent_statements_covered": 100.0, "percent_statements_covered_display": "100"}, "missing_lines": [], "excluded_lines": [], "start_line": 1}}}, "cihub/config/fallbacks.py": {"executed_lines": [], "summary": {"covered_lines": 0, "num_statements": 3, "percent_covered": 0.0, "percent_covered_display": "0", "missing_lines": 3, "excluded_lines": 0, "percent_statements_covered": 0.0, "percent_statements_covered_display": "0"}, "missing_lines": [3, 5, 7], "excluded_lines": [], "functions": {"": {"executed_lines": [], "summary": {"covered_lines": 0, "num_statements": 3, "percent_covered": 0.0, "percent_covered_display": "0", "missing_lines": 3, "excluded_lines": 0, "percent_statements_covered": 0.0, "percent_statements_covered_display": "0"}, "missing_lines": [3, 5, 7], "excluded_lines": [], "start_line": 1}}, "classes": {"": {"executed_lines": [], "summary": {"covered_lines": 0, "num_statements": 3, "percent_covered": 0.0, "percent_covered_display": "0", "missing_lines": 3, "excluded_lines": 0, "percent_statements_covered": 0.0, "percent_statements_covered_display": "0"}, "missing_lines": [3, 5, 7], "excluded_lines": [], "start_line": 1}}}, "cihub/config/io.py": {"executed_lines": [3, 5, 6, 7, 9, 11, 14, 26, 27, 28, 29, 30, 32, 33, 34, 35, 36, 39, 54, 55, 56, 58, 59, 60, 61, 64, 70, 71, 72, 75, 84, 87, 97, 100, 119, 129, 132, 149, 152, 161, 162, 163, 164, 167, 176, 177, 178, 179], "summary": {"covered_lines": 48, "num_statements": 52, "percent_covered": 92.3076923076923, "percent_covered_display": "92", "missing_lines": 4, "excluded_lines": 0, "percent_statements_covered": 92.3076923076923, "percent_statements_covered_display": "92"}, "missing_lines": [113, 114, 115, 116], "excluded_lines": [], "functions": {"load_yaml_file": {"executed_lines": [26, 27, 28, 29, 30, 32, 33, 34, 35, 36], "summary": {"covered_lines": 10, "num_statements": 10, "percent_covered": 100.0, "percent_covered_display": "100", "missing_lines": 0, "excluded_lines": 0, "percent_statements_covered": 100.0, "percent_statements_covered_display": "100"}, "missing_lines": [], "excluded_lines": [], "start_line": 14}, "save_yaml_file": {"executed_lines": [54, 55, 56, 58, 59, 60, 61], "summary": {"covered_lines": 7, "num_statements": 7, "percent_covered": 100.0, "percent_covered_display": "100", "missing_lines": 0, "excluded_lines": 0, "percent_statements_covered": 100.0, "percent_statements_covered_display": "100"}, "missing_lines": [], "excluded_lines": [], "start_line": 39}, "ensure_dirs": {"executed_lines": [70, 71, 72], "summary": {"covered_lines": 3, "num_statements": 3, "percent_covered": 100.0, "percent_covered_display": "100", "missing_lines": 0, "excluded_lines": 0, "percent_statements_covered": 100.0, "percent_statements_covered_display": "100"}, "missing_lines": [], "excluded_lines": [], "start_line": 64}, "load_defaults": {"executed_lines": [84], "summary": {"covered_lines": 1, "num_statements": 1, "percent_covered": 100.0, "percent_covered_display": "100", "missing_lines": 0, "excluded_lines": 0, "percent_statements_covered": 100.0, "percent_statements_covered_display": "100"}, "missing_lines": [], "excluded_lines": [], "start_line": 75}, "load_profile": {"executed_lines": [97], "summary": {"covered_lines": 1, "num_statements": 1, "percent_covered": 100.0, "percent_covered_display": "100", "missing_lines": 0, "excluded_lines": 0, "percent_statements_covered": 100.0, "percent_statements_covered_display": "100"}, "missing_lines": [], "excluded_lines": [], "start_line": 87}, "load_profile_strict": {"executed_lines": [], "summary": {"covered_lines": 0, "num_statements": 4, "percent_covered": 0.0, "percent_covered_display": "0", "missing_lines": 4, "excluded_lines": 0, "percent_statements_covered": 0.0, "percent_statements_covered_display": "0"}, "missing_lines": [113, 114, 115, 116], "excluded_lines": [], "start_line": 100}, "load_repo_config": {"executed_lines": [129], "summary": {"covered_lines": 1, "num_statements": 1, "percent_covered": 100.0, "percent_covered_display": "100", "missing_lines": 0, "excluded_lines": 0, "percent_statements_covered": 100.0, "percent_statements_covered_display": "100"}, "missing_lines": [], "excluded_lines": [], "start_line": 119}, "save_repo_config": {"executed_lines": [149], "summary": {"covered_lines": 1, "num_statements": 1, "percent_covered": 100.0, "percent_covered_display": "100", "missing_lines": 0, "excluded_lines": 0, "percent_statements_covered": 100.0, "percent_statements_covered_display": "100"}, "missing_lines": [], "excluded_lines": [], "start_line": 132}, "list_repos": {"executed_lines": [161, 162, 163, 164], "summary": {"covered_lines": 4, "num_statements": 4, "percent_covered": 100.0, "percent_covered_display": "100", "missing_lines": 0, "excluded_lines": 0, "percent_statements_covered": 100.0, "percent_statements_covered_display": "100"}, "missing_lines": [], "excluded_lines": [], "start_line": 152}, "list_profiles": {"executed_lines": [176, 177, 178, 179], "summary": {"covered_lines": 4, "num_statements": 4, "percent_covered": 100.0, "percent_covered_display": "100", "missing_lines": 0, "excluded_lines": 0, "percent_statements_covered": 100.0, "percent_statements_covered_display": "100"}, "missing_lines": [], "excluded_lines": [], "start_line": 167}, "": {"executed_lines": [3, 5, 6, 7, 9, 11, 14, 39, 64, 75, 87, 100, 119, 132, 152, 167], "summary": {"covered_lines": 16, "num_statements": 16, "percent_covered": 100.0, "percent_covered_display": "100", "missing_lines": 0, "excluded_lines": 0, "percent_statements_covered": 100.0, "percent_statements_covered_display": "100"}, "missing_lines": [], "excluded_lines": [], "start_line": 1}}, "classes": {"": {"executed_lines": [3, 5, 6, 7, 9, 11, 14, 26, 27, 28, 29, 30, 32, 33, 34, 35, 36, 39, 54, 55, 56, 58, 59, 60, 61, 64, 70, 71, 72, 75, 84, 87, 97, 100, 119, 129, 132, 149, 152, 161, 162, 163, 164, 167, 176, 177, 178, 179], "summary": {"covered_lines": 48, "num_statements": 52, "percent_covered": 92.3076923076923, "percent_covered_display": "92", "missing_lines": 4, "excluded_lines": 0, "percent_statements_covered": 92.3076923076923, "percent_statements_covered_display": "92"}, "missing_lines": [113, 114, 115, 116], "excluded_lines": [], "start_line": 1}}}, "cihub/config/loader/__init__.py": {"executed_lines": [], "summary": {"covered_lines": 0, "num_statements": 6, "percent_covered": 0.0, "percent_covered_display": "0", "missing_lines": 6, "excluded_lines": 0, "percent_statements_covered": 0.0, "percent_statements_covered_display": "0"}, "missing_lines": [8, 10, 11, 19, 20, 22], "excluded_lines": [], "functions": {"": {"executed_lines": [], "summary": {"covered_lines": 0, "num_statements": 6, "percent_covered": 0.0, "percent_covered_display": "0", "missing_lines": 6, "excluded_lines": 0, "percent_statements_covered": 0.0, "percent_statements_covered_display": "0"}, "missing_lines": [8, 10, 11, 19, 20, 22], "excluded_lines": [], "start_line": 1}}, "classes": {"": {"executed_lines": [], "summary": {"covered_lines": 0, "num_statements": 6, "percent_covered": 0.0, "percent_covered_display": "0", "missing_lines": 6, "excluded_lines": 0, "percent_statements_covered": 0.0, "percent_statements_covered_display": "0"}, "missing_lines": [8, 10, 11, 19, 20, 22], "excluded_lines": [], "start_line": 1}}}, "cihub/config/loader/core.py": {"executed_lines": [], "summary": {"covered_lines": 0, "num_statements": 115, "percent_covered": 0.0, "percent_covered_display": "0", "missing_lines": 115, "excluded_lines": 0, "percent_statements_covered": 0.0, "percent_statements_covered_display": "0"}, "missing_lines": [10, 12, 13, 14, 15, 16, 18, 20, 21, 22, 23, 26, 29, 30, 31, 34, 36, 37, 38, 39, 42, 60, 63, 64, 65, 66, 68, 70, 71, 72, 73, 74, 75, 76, 77, 78, 79, 80, 81, 82, 83, 86, 87, 89, 90, 91, 92, 95, 96, 97, 99, 100, 103, 104, 105, 107, 108, 109, 110, 111, 112, 113, 114, 115, 116, 117, 121, 122, 123, 125, 126, 127, 128, 129, 130, 133, 142, 145, 147, 148, 149, 150, 151, 152, 153, 154, 155, 156, 157, 158, 161, 163, 164, 165, 166, 167, 168, 169, 170, 173, 175, 177, 178, 179, 185, 190, 197, 199, 205, 206, 207, 208, 209, 210, 211], "excluded_lines": [], "functions": {"ConfigValidationError.__init__": {"executed_lines": [], "summary": {"covered_lines": 0, "num_statements": 2, "percent_covered": 0.0, "percent_covered_display": "0", "missing_lines": 2, "excluded_lines": 0, "percent_statements_covered": 0.0, "percent_statements_covered_display": "0"}, "missing_lines": [30, 31], "excluded_lines": [], "start_line": 29}, "_load_yaml": {"executed_lines": [], "summary": {"covered_lines": 0, "num_statements": 4, "percent_covered": 0.0, "percent_covered_display": "0", "missing_lines": 4, "excluded_lines": 0, "percent_statements_covered": 0.0, "percent_statements_covered_display": "0"}, "missing_lines": [36, 37, 38, 39], "excluded_lines": [], "start_line": 34}, "load_config": {"executed_lines": [], "summary": {"covered_lines": 0, "num_statements": 43, "percent_covered": 0.0, "percent_covered_display": "0", "missing_lines": 43, "excluded_lines": 0, "percent_statements_covered": 0.0, "percent_statements_covered_display": "0"}, "missing_lines": [60, 63, 64, 65, 66, 68, 70, 86, 87, 89, 90, 91, 92, 95, 96, 97, 99, 100, 103, 104, 105, 107, 108, 109, 110, 111, 112, 113, 114, 115, 116, 117, 121, 122, 123, 125, 126, 127, 128, 129, 130, 133, 142], "excluded_lines": [], "start_line": 42}, "load_config.validate_config": {"executed_lines": [], "summary": {"covered_lines": 0, "num_statements": 13, "percent_covered": 0.0, "percent_covered_display": "0", "missing_lines": 13, "excluded_lines": 0, "percent_statements_covered": 0.0, "percent_statements_covered_display": "0"}, "missing_lines": [71, 72, 73, 74, 75, 76, 77, 78, 79, 80, 81, 82, 83], "excluded_lines": [], "start_line": 70}, "get_tool_enabled": {"executed_lines": [], "summary": {"covered_lines": 0, "num_statements": 12, "percent_covered": 0.0, "percent_covered_display": "0", "missing_lines": 12, "excluded_lines": 0, "percent_statements_covered": 0.0, "percent_statements_covered_display": "0"}, "missing_lines": [147, 148, 149, 150, 151, 152, 153, 154, 155, 156, 157, 158], "excluded_lines": [], "start_line": 145}, "get_tool_config": {"executed_lines": [], "summary": {"covered_lines": 0, "num_statements": 8, "percent_covered": 0.0, "percent_covered_display": "0", "missing_lines": 8, "excluded_lines": 0, "percent_statements_covered": 0.0, "percent_statements_covered_display": "0"}, "missing_lines": [163, 164, 165, 166, 167, 168, 169, 170], "excluded_lines": [], "start_line": 161}, "_main": {"executed_lines": [], "summary": {"covered_lines": 0, "num_statements": 15, "percent_covered": 0.0, "percent_covered_display": "0", "missing_lines": 15, "excluded_lines": 0, "percent_statements_covered": 0.0, "percent_statements_covered_display": "0"}, "missing_lines": [175, 177, 178, 179, 185, 190, 197, 199, 205, 206, 207, 208, 209, 210, 211], "excluded_lines": [], "start_line": 173}, "": {"executed_lines": [], "summary": {"covered_lines": 0, "num_statements": 18, "percent_covered": 0.0, "percent_covered_display": "0", "missing_lines": 18, "excluded_lines": 0, "percent_statements_covered": 0.0, "percent_statements_covered_display": "0"}, "missing_lines": [10, 12, 13, 14, 15, 16, 18, 20, 21, 22, 23, 26, 29, 34, 42, 145, 161, 173], "excluded_lines": [], "start_line": 1}}, "classes": {"ConfigValidationError": {"executed_lines": [], "summary": {"covered_lines": 0, "num_statements": 2, "percent_covered": 0.0, "percent_covered_display": "0", "missing_lines": 2, "excluded_lines": 0, "percent_statements_covered": 0.0, "percent_statements_covered_display": "0"}, "missing_lines": [30, 31], "excluded_lines": [], "start_line": 26}, "": {"executed_lines": [], "summary": {"covered_lines": 0, "num_statements": 113, "percent_covered": 0.0, "percent_covered_display": "0", "missing_lines": 113, "excluded_lines": 0, "percent_statements_covered": 0.0, "percent_statements_covered_display": "0"}, "missing_lines": [10, 12, 13, 14, 15, 16, 18, 20, 21, 22, 23, 26, 29, 34, 36, 37, 38, 39, 42, 60, 63, 64, 65, 66, 68, 70, 71, 72, 73, 74, 75, 76, 77, 78, 79, 80, 81, 82, 83, 86, 87, 89, 90, 91, 92, 95, 96, 97, 99, 100, 103, 104, 105, 107, 108, 109, 110, 111, 112, 113, 114, 115, 116, 117, 121, 122, 123, 125, 126, 127, 128, 129, 130, 133, 142, 145, 147, 148, 149, 150, 151, 152, 153, 154, 155, 156, 157, 158, 161, 163, 164, 165, 166, 167, 168, 169, 170, 173, 175, 177, 178, 179, 185, 190, 197, 199, 205, 206, 207, 208, 209, 210, 211], "excluded_lines": [], "start_line": 1}}}, "cihub/config/loader/inputs.py": {"executed_lines": [], "summary": {"covered_lines": 0, "num_statements": 87, "percent_covered": 0.0, "percent_covered_display": "0", "missing_lines": 87, "excluded_lines": 0, "percent_statements_covered": 0.0, "percent_statements_covered_display": "0"}, "missing_lines": [7, 9, 12, 25, 27, 32, 34, 35, 36, 37, 39, 42, 43, 44, 45, 46, 47, 48, 49, 50, 51, 52, 53, 54, 57, 58, 59, 60, 64, 65, 66, 67, 69, 70, 71, 73, 76, 77, 78, 79, 80, 81, 82, 83, 84, 85, 86, 87, 88, 89, 92, 93, 95, 97, 98, 99, 100, 101, 104, 105, 106, 107, 108, 109, 110, 111, 112, 113, 114, 115, 116, 117, 118, 120, 121, 122, 123, 126, 127, 128, 129, 130, 133, 134, 135, 136, 138], "excluded_lines": [], "functions": {"generate_workflow_inputs": {"executed_lines": [], "summary": {"covered_lines": 0, "num_statements": 84, "percent_covered": 0.0, "percent_covered_display": "0", "missing_lines": 84, "excluded_lines": 0, "percent_statements_covered": 0.0, "percent_statements_covered_display": "0"}, "missing_lines": [25, 27, 32, 34, 35, 36, 37, 39, 42, 43, 44, 45, 46, 47, 48, 49, 50, 51, 52, 53, 54, 57, 58, 59, 60, 64, 65, 66, 67, 69, 70, 71, 73, 76, 77, 78, 79, 80, 81, 82, 83, 84, 85, 86, 87, 88, 89, 92, 93, 95, 97, 98, 99, 100, 101, 104, 105, 106, 107, 108, 109, 110, 111, 112, 113, 114, 115, 116, 117, 118, 120, 121, 122, 123, 126, 127, 128, 129, 130, 133, 134, 135, 136, 138], "excluded_lines": [], "start_line": 12}, "": {"executed_lines": [], "summary": {"covered_lines": 0, "num_statements": 3, "percent_covered": 0.0, "percent_covered_display": "0", "missing_lines": 3, "excluded_lines": 0, "percent_statements_covered": 0.0, "percent_statements_covered_display": "0"}, "missing_lines": [7, 9, 12], "excluded_lines": [], "start_line": 1}}, "classes": {"": {"executed_lines": [], "summary": {"covered_lines": 0, "num_statements": 87, "percent_covered": 0.0, "percent_covered_display": "0", "missing_lines": 87, "excluded_lines": 0, "percent_statements_covered": 0.0, "percent_statements_covered_display": "0"}, "missing_lines": [7, 9, 12, 25, 27, 32, 34, 35, 36, 37, 39, 42, 43, 44, 45, 46, 47, 48, 49, 50, 51, 52, 53, 54, 57, 58, 59, 60, 64, 65, 66, 67, 69, 70, 71, 73, 76, 77, 78, 79, 80, 81, 82, 83, 84, 85, 86, 87, 88, 89, 92, 93, 95, 97, 98, 99, 100, 101, 104, 105, 106, 107, 108, 109, 110, 111, 112, 113, 114, 115, 116, 117, 118, 120, 121, 122, 123, 126, 127, 128, 129, 130, 133, 134, 135, 136, 138], "excluded_lines": [], "start_line": 1}}}, "cihub/config/merge.py": {"executed_lines": [3, 5, 6, 8, 9, 12, 32, 34, 35, 37, 40, 42, 45, 65, 67, 68, 70, 71, 73, 76], "summary": {"covered_lines": 20, "num_statements": 27, "percent_covered": 74.07407407407408, "percent_covered_display": "74", "missing_lines": 7, "excluded_lines": 0, "percent_statements_covered": 74.07407407407408, "percent_statements_covered_display": "74"}, "missing_lines": [95, 97, 99, 100, 101, 103, 105], "excluded_lines": [], "functions": {"deep_merge": {"executed_lines": [32, 34, 35, 37, 40, 42], "summary": {"covered_lines": 6, "num_statements": 6, "percent_covered": 100.0, "percent_covered_display": "100", "missing_lines": 0, "excluded_lines": 0, "percent_statements_covered": 100.0, "percent_statements_covered_display": "100"}, "missing_lines": [], "excluded_lines": [], "start_line": 12}, "build_effective_config": {"executed_lines": [65, 67, 68, 70, 71, 73], "summary": {"covered_lines": 6, "num_statements": 6, "percent_covered": 100.0, "percent_covered_display": "100", "missing_lines": 0, "excluded_lines": 0, "percent_statements_covered": 100.0, "percent_statements_covered_display": "100"}, "missing_lines": [], "excluded_lines": [], "start_line": 45}, "get_effective_config_for_repo": {"executed_lines": [], "summary": {"covered_lines": 0, "num_statements": 7, "percent_covered": 0.0, "percent_covered_display": "0", "missing_lines": 7, "excluded_lines": 0, "percent_statements_covered": 0.0, "percent_statements_covered_display": "0"}, "missing_lines": [95, 97, 99, 100, 101, 103, 105], "excluded_lines": [], "start_line": 76}, "": {"executed_lines": [3, 5, 6, 8, 9, 12, 45, 76], "summary": {"covered_lines": 8, "num_statements": 8, "percent_covered": 100.0, "percent_covered_display": "100", "missing_lines": 0, "excluded_lines": 0, "percent_statements_covered": 100.0, "percent_statements_covered_display": "100"}, "missing_lines": [], "excluded_lines": [], "start_line": 1}}, "classes": {"": {"executed_lines": [3, 5, 6, 8, 9, 12, 32, 34, 35, 37, 40, 42, 45, 65, 67, 68, 70, 71, 73, 76], "summary": {"covered_lines": 20, "num_statements": 27, "percent_covered": 74.07407407407408, "percent_covered_display": "74", "missing_lines": 7, "excluded_lines": 0, "percent_statements_covered": 74.07407407407408, "percent_statements_covered_display": "74"}, "missing_lines": [95, 97, 99, 100, 101, 103, 105], "excluded_lines": [], "start_line": 1}}}, "cihub/config/normalize.py": {"executed_lines": [3, 5, 6, 8, 14, 27, 36, 37, 38, 39, 40, 41, 42, 43, 44, 45, 46, 49, 50, 51, 52, 55, 56, 57, 58, 64, 65, 66, 67, 79, 80, 81, 82, 87, 89, 91, 92, 93, 94, 95, 96, 97, 100, 109], "summary": {"covered_lines": 44, "num_statements": 77, "percent_covered": 57.142857142857146, "percent_covered_display": "57", "missing_lines": 33, "excluded_lines": 0, "percent_statements_covered": 57.142857142857146, "percent_statements_covered_display": "57"}, "missing_lines": [53, 59, 60, 61, 68, 69, 70, 71, 72, 73, 74, 75, 76, 83, 84, 90, 102, 103, 104, 105, 106, 136, 137, 138, 139, 140, 141, 142, 143, 144, 145, 146, 147], "excluded_lines": [], "functions": {"_normalize_tool_configs_inplace": {"executed_lines": [37, 38, 39, 40, 41, 42, 43, 44, 45, 46], "summary": {"covered_lines": 10, "num_statements": 10, "percent_covered": 100.0, "percent_covered_display": "100", "missing_lines": 0, "excluded_lines": 0, "percent_statements_covered": 100.0, "percent_statements_covered_display": "100"}, "missing_lines": [], "excluded_lines": [], "start_line": 36}, "_normalize_enabled_sections_inplace": {"executed_lines": [50, 51, 52, 55, 56, 57, 58], "summary": {"covered_lines": 7, "num_statements": 11, "percent_covered": 63.63636363636363, "percent_covered_display": "64", "missing_lines": 4, "excluded_lines": 0, "percent_statements_covered": 63.63636363636363, "percent_statements_covered_display": "64"}, "missing_lines": [53, 59, 60, 61], "excluded_lines": [], "start_line": 49}, "_apply_thresholds_profile_inplace": {"executed_lines": [65, 66, 67], "summary": {"covered_lines": 3, "num_statements": 12, "percent_covered": 25.0, "percent_covered_display": "25", "missing_lines": 9, "excluded_lines": 0, "percent_statements_covered": 25.0, "percent_statements_covered_display": "25"}, "missing_lines": [68, 69, 70, 71, 72, 73, 74, 75, 76], "excluded_lines": [], "start_line": 64}, "_apply_cvss_fallbacks_inplace": {"executed_lines": [80, 81, 82], "summary": {"covered_lines": 3, "num_statements": 5, "percent_covered": 60.0, "percent_covered_display": "60", "missing_lines": 2, "excluded_lines": 0, "percent_statements_covered": 60.0, "percent_statements_covered_display": "60"}, "missing_lines": [83, 84], "excluded_lines": [], "start_line": 79}, "normalize_config": {"executed_lines": [89, 91, 92, 93, 94, 95, 96, 97], "summary": {"covered_lines": 8, "num_statements": 9, "percent_covered": 88.88888888888889, "percent_covered_display": "89", "missing_lines": 1, "excluded_lines": 0, "percent_statements_covered": 88.88888888888889, "percent_statements_covered_display": "89"}, "missing_lines": [90], "excluded_lines": [], "start_line": 87}, "normalize_tool_configs": {"executed_lines": [], "summary": {"covered_lines": 0, "num_statements": 5, "percent_covered": 0.0, "percent_covered_display": "0", "missing_lines": 5, "excluded_lines": 0, "percent_statements_covered": 0.0, "percent_statements_covered_display": "0"}, "missing_lines": [102, 103, 104, 105, 106], "excluded_lines": [], "start_line": 100}, "tool_enabled": {"executed_lines": [], "summary": {"covered_lines": 0, "num_statements": 12, "percent_covered": 0.0, "percent_covered_display": "0", "missing_lines": 12, "excluded_lines": 0, "percent_statements_covered": 0.0, "percent_statements_covered_display": "0"}, "missing_lines": [136, 137, 138, 139, 140, 141, 142, 143, 144, 145, 146, 147], "excluded_lines": [], "start_line": 109}, "": {"executed_lines": [3, 5, 6, 8, 14, 27, 36, 49, 64, 79, 87, 100, 109], "summary": {"covered_lines": 13, "num_statements": 13, "percent_covered": 100.0, "percent_covered_display": "100", "missing_lines": 0, "excluded_lines": 0, "percent_statements_covered": 100.0, "percent_statements_covered_display": "100"}, "missing_lines": [], "excluded_lines": [], "start_line": 1}}, "classes": {"": {"executed_lines": [3, 5, 6, 8, 14, 27, 36, 37, 38, 39, 40, 41, 42, 43, 44, 45, 46, 49, 50, 51, 52, 55, 56, 57, 58, 64, 65, 66, 67, 79, 80, 81, 82, 87, 89, 91, 92, 93, 94, 95, 96, 97, 100, 109], "summary": {"covered_lines": 44, "num_statements": 77, "percent_covered": 57.142857142857146, "percent_covered_display": "57", "missing_lines": 33, "excluded_lines": 0, "percent_statements_covered": 57.142857142857146, "percent_statements_covered_display": "57"}, "missing_lines": [53, 59, 60, 61, 68, 69, 70, 71, 72, 73, 74, 75, 76, 83, 84, 90, 102, 103, 104, 105, 106, 136, 137, 138, 139, 140, 141, 142, 143, 144, 145, 146, 147], "excluded_lines": [], "start_line": 1}}}, "cihub/config/paths.py": {"executed_lines": [3, 5, 6, 9, 10, 13, 15, 16, 18, 20, 21, 23, 25, 26, 28, 30, 31, 33, 35, 36, 38, 40, 42, 44, 46], "summary": {"covered_lines": 25, "num_statements": 25, "percent_covered": 100.0, "percent_covered_display": "100", "missing_lines": 0, "excluded_lines": 0, "percent_statements_covered": 100.0, "percent_statements_covered_display": "100"}, "missing_lines": [], "excluded_lines": [], "functions": {"PathConfig.config_dir": {"executed_lines": [18], "summary": {"covered_lines": 1, "num_statements": 1, "percent_covered": 100.0, "percent_covered_display": "100", "missing_lines": 0, "excluded_lines": 0, "percent_statements_covered": 100.0, "percent_statements_covered_display": "100"}, "missing_lines": [], "excluded_lines": [], "start_line": 16}, "PathConfig.repos_dir": {"executed_lines": [23], "summary": {"covered_lines": 1, "num_statements": 1, "percent_covered": 100.0, "percent_covered_display": "100", "missing_lines": 0, "excluded_lines": 0, "percent_statements_covered": 100.0, "percent_statements_covered_display": "100"}, "missing_lines": [], "excluded_lines": [], "start_line": 21}, "PathConfig.defaults_file": {"executed_lines": [28], "summary": {"covered_lines": 1, "num_statements": 1, "percent_covered": 100.0, "percent_covered_display": "100", "missing_lines": 0, "excluded_lines": 0, "percent_statements_covered": 100.0, "percent_statements_covered_display": "100"}, "missing_lines": [], "excluded_lines": [], "start_line": 26}, "PathConfig.profiles_dir": {"executed_lines": [33], "summary": {"covered_lines": 1, "num_statements": 1, "percent_covered": 100.0, "percent_covered_display": "100", "missing_lines": 0, "excluded_lines": 0, "percent_statements_covered": 100.0, "percent_statements_covered_display": "100"}, "missing_lines": [], "excluded_lines": [], "start_line": 31}, "PathConfig.schema_dir": {"executed_lines": [38], "summary": {"covered_lines": 1, "num_statements": 1, "percent_covered": 100.0, "percent_covered_display": "100", "missing_lines": 0, "excluded_lines": 0, "percent_statements_covered": 100.0, "percent_statements_covered_display": "100"}, "missing_lines": [], "excluded_lines": [], "start_line": 36}, "PathConfig.repo_file": {"executed_lines": [42], "summary": {"covered_lines": 1, "num_statements": 1, "percent_covered": 100.0, "percent_covered_display": "100", "missing_lines": 0, "excluded_lines": 0, "percent_statements_covered": 100.0, "percent_statements_covered_display": "100"}, "missing_lines": [], "excluded_lines": [], "start_line": 40}, "PathConfig.profile_file": {"executed_lines": [46], "summary": {"covered_lines": 1, "num_statements": 1, "percent_covered": 100.0, "percent_covered_display": "100", "missing_lines": 0, "excluded_lines": 0, "percent_statements_covered": 100.0, "percent_statements_covered_display": "100"}, "missing_lines": [], "excluded_lines": [], "start_line": 44}, "": {"executed_lines": [3, 5, 6, 9, 10, 13, 15, 16, 20, 21, 25, 26, 30, 31, 35, 36, 40, 44], "summary": {"covered_lines": 18, "num_statements": 18, "percent_covered": 100.0, "percent_covered_display": "100", "missing_lines": 0, "excluded_lines": 0, "percent_statements_covered": 100.0, "percent_statements_covered_display": "100"}, "missing_lines": [], "excluded_lines": [], "start_line": 1}}, "classes": {"PathConfig": {"executed_lines": [18, 23, 28, 33, 38, 42, 46], "summary": {"covered_lines": 7, "num_statements": 7, "percent_covered": 100.0, "percent_covered_display": "100", "missing_lines": 0, "excluded_lines": 0, "percent_statements_covered": 100.0, "percent_statements_covered_display": "100"}, "missing_lines": [], "excluded_lines": [], "start_line": 10}, "": {"executed_lines": [3, 5, 6, 9, 10, 13, 15, 16, 20, 21, 25, 26, 30, 31, 35, 36, 40, 44], "summary": {"covered_lines": 18, "num_statements": 18, "percent_covered": 100.0, "percent_covered_display": "100", "missing_lines": 0, "excluded_lines": 0, "percent_statements_covered": 100.0, "percent_statements_covered_display": "100"}, "missing_lines": [], "excluded_lines": [], "start_line": 1}}}, "cihub/config/schema.py": {"executed_lines": [3, 5, 6, 7, 9, 11, 14, 23, 24, 25, 27, 30, 40, 41, 42, 43, 46, 50, 56, 68, 71, 72, 73, 74, 75, 78, 79, 80, 81, 82, 88, 89, 90, 91, 92, 96, 99, 112, 113, 114], "summary": {"covered_lines": 40, "num_statements": 43, "percent_covered": 93.02325581395348, "percent_covered_display": "93", "missing_lines": 3, "excluded_lines": 0, "percent_statements_covered": 93.02325581395348, "percent_statements_covered_display": "93"}, "missing_lines": [26, 44, 45], "excluded_lines": [], "functions": {"get_schema": {"executed_lines": [23, 24, 25, 27], "summary": {"covered_lines": 4, "num_statements": 5, "percent_covered": 80.0, "percent_covered_display": "80", "missing_lines": 1, "excluded_lines": 0, "percent_statements_covered": 80.0, "percent_statements_covered_display": "80"}, "missing_lines": [26], "excluded_lines": [], "start_line": 14}, "validate_config": {"executed_lines": [40, 41, 42, 43, 46], "summary": {"covered_lines": 5, "num_statements": 7, "percent_covered": 71.42857142857143, "percent_covered_display": "71", "missing_lines": 2, "excluded_lines": 0, "percent_statements_covered": 71.42857142857143, "percent_statements_covered_display": "71"}, "missing_lines": [44, 45], "excluded_lines": [], "start_line": 30}, "check_threshold_sanity": {"executed_lines": [68, 71, 72, 73, 74, 75, 78, 79, 80, 81, 82, 88, 89, 90, 91, 92, 96], "summary": {"covered_lines": 17, "num_statements": 17, "percent_covered": 100.0, "percent_covered_display": "100", "missing_lines": 0, "excluded_lines": 0, "percent_statements_covered": 100.0, "percent_statements_covered_display": "100"}, "missing_lines": [], "excluded_lines": [], "start_line": 56}, "validate_config_with_sanity": {"executed_lines": [112, 113, 114], "summary": {"covered_lines": 3, "num_statements": 3, "percent_covered": 100.0, "percent_covered_display": "100", "missing_lines": 0, "excluded_lines": 0, "percent_statements_covered": 100.0, "percent_statements_covered_display": "100"}, "missing_lines": [], "excluded_lines": [], "start_line": 99}, "": {"executed_lines": [3, 5, 6, 7, 9, 11, 14, 30, 50, 56, 99], "summary": {"covered_lines": 11, "num_statements": 11, "percent_covered": 100.0, "percent_covered_display": "100", "missing_lines": 0, "excluded_lines": 0, "percent_statements_covered": 100.0, "percent_statements_covered_display": "100"}, "missing_lines": [], "excluded_lines": [], "start_line": 1}}, "classes": {"": {"executed_lines": [3, 5, 6, 7, 9, 11, 14, 23, 24, 25, 27, 30, 40, 41, 42, 43, 46, 50, 56, 68, 71, 72, 73, 74, 75, 78, 79, 80, 81, 82, 88, 89, 90, 91, 92, 96, 99, 112, 113, 114], "summary": {"covered_lines": 40, "num_statements": 43, "percent_covered": 93.02325581395348, "percent_covered_display": "93", "missing_lines": 3, "excluded_lines": 0, "percent_statements_covered": 93.02325581395348, "percent_statements_covered_display": "93"}, "missing_lines": [26, 44, 45], "excluded_lines": [], "start_line": 1}}}}, "totals": {"covered_lines": 184, "num_statements": 442, "percent_covered": 41.6289592760181, "percent_covered_display": "42", "missing_lines": 258, "excluded_lines": 0, "percent_statements_covered": 41.6289592760181, "percent_statements_covered_display": "42"}}