<?xml version="1.0" encoding="utf-8"?><testsuites name="pytest tests"><testsuite name="pytest" errors="0" failures="0" skipped="0" tests="18" time="1.848" timestamp="2025-12-15T23:26:26.103018+00:00" hostname="runnervm6qbrg"><properties><property name="hypothesis-statistics-tests/test_fuzz_invariants.py::test_invariants_random_ops" value="dGVzdHMvdGVzdF9mdXp6X2ludmFyaWFudHMucHk6OnRlc3RfaW52YXJpYW50c19yYW5kb21fb3BzOgoKICAtIGR1cmluZyBnZW5lcmF0ZSBwaGFzZSAoMC41NiBzZWNvbmRzKToKICAgIC0gVHlwaWNhbCBydW50aW1lczogfiAwLTEgbXMsIG9mIHdoaWNoIH4gMC0xIG1zIGluIGRhdGEgZ2VuZXJhdGlvbgogICAgLSAyMDAgcGFzc2luZyBleGFtcGxlcywgMCBmYWlsaW5nIGV4YW1wbGVzLCA3OCBpbnZhbGlkIGV4YW1wbGVzCiAgICAtIEV2ZW50czoKICAgICAgKiA1NS4wNCUsIFJldHJpZWQgZHJhdyBmcm9tIGludGVnZXJzKC0xMDAwLCAxMDAwKS5maWx0ZXIobm90X3lldF9pbl91bmlxdWVfbGlzdCkgdG8gc2F0aXNmeSBmaWx0ZXIKCiAgLSBTdG9wcGVkIGJlY2F1c2Ugc2V0dGluZ3MubWF4X2V4YW1wbGVzPTIwMA==" /></properties><testcase classname="tests.test_delete" name="test_delete_leaf" time="0.002" /><testcase classname="tests.test_delete" name="test_delete_with_children" time="0.001" /><testcase classname="tests.test_delete" name="test_delete_root_with_two_children" time="0.001" /><testcase classname="tests.test_delete_missing" name="test_delete_nonexistent_key_is_noop" time="0.001" /><testcase classname="tests.test_delete_one_child" name="test_delete_root_with_right_only_child" time="0.001" /><testcase classname="tests.test_delete_one_child" name="test_delete_root_with_left_only_child" time="0.001" /><testcase classname="tests.test_delete_successor" name="test_delete_node_with_two_children_deep_successor" time="0.001" /><testcase classname="tests.test_edge_cases" name="test_search_on_empty_tree_returns_none" time="0.001" /><testcase classname="tests.test_edge_cases" name="test_delete_on_empty_tree_no_crash_and_stays_empty" time="0.001" /><testcase classname="tests.test_edge_cases" name="test_insert_duplicate_is_ignored_order_unchanged" time="0.001" /><testcase classname="tests.test_fuzz_invariants" name="test_invariants_random_ops" time="0.562" /><testcase classname="tests.test_insert" name="test_insert_duplicate_is_ignored" time="0.001" /><testcase classname="tests.test_insert" name="test_insert_new_value" time="0.001" /><testcase classname="tests.test_search" name="test_search_found" time="0.001" /><testcase classname="tests.test_search" name="test_search_not_found" time="0.001" /><testcase classname="tests.test_search" name="test_search_node_string_representation" time="0.001" /><testcase classname="tests.test_traversal" name="test_inorder_traversal" time="0.001" /><testcase classname="tests.test_traversal_empty" name="test_inorder_on_empty_tree_returns_empty_list" time="0.001" /></testsuite></testsuites>