<?xml version="1.0" encoding="UTF-8"?>
<testsuite xmlns:xsi="http://www.w3.org/2001/XMLSchema-instance" xsi:noNamespaceSchemaLocation="https://maven.apache.org/surefire/maven-surefire-plugin/xsd/surefire-test-report-3.0.xsd" version="3.0" name="com.cihub.fixtures.CalculatorTest" time="0.204" tests="70" errors="0" skipped="0" failures="0">
  <properties>
[...]
</properties>
  <testcase name="testAverageEmpty" classname="com.cihub.fixtures.CalculatorTest" time="0.036"/>
  <testcase name="testDivideNegative" classname="com.cihub.fixtures.CalculatorTest" time="0.007"/>
  <testcase name="testMaxNegative" classname="com.cihub.fixtures.CalculatorTest" time="0.001"/>
  <testcase name="testFibonacciOne" classname="com.cihub.fixtures.CalculatorTest" time="0.002"/>
  <testcase name="testFactorialZero" classname="com.cihub.fixtures.CalculatorTest" time="0.001"/>
  <testcase name="testIsPositiveTrue" classname="com.cihub.fixtures.CalculatorTest" time="0.001"/>
  <testcase name="testClampAboveMax" classname="com.cihub.fixtures.CalculatorTest" time="0.001"/>
  <testcase name="testClampBelowMin" classname="com.cihub.fixtures.CalculatorTest" time="0.001"/>
  <testcase name="testIsNegativeTrue" classname="com.cihub.fixtures.CalculatorTest" time="0.001"/>
  <testcase name="testGcdOneDividesOther" classname="com.cihub.fixtures.CalculatorTest" time="0.001"/>
  <testcase name="testAddZero" classname="com.cihub.fixtures.CalculatorTest" time="0.001"/>
  <testcase name="testDivideByZero" classname="com.cihub.fixtures.CalculatorTest" time="0.001"/>
  <testcase name="testGcdCoprime" classname="com.cihub.fixtures.CalculatorTest" time="0.001"/>
  <testcase name="testIsOddTrue" classname="com.cihub.fixtures.CalculatorTest" time="0.002"/>
  <testcase name="testGetSetValue" classname="com.cihub.fixtures.CalculatorTest" time="0.002"/>
  <testcase name="testSum" classname="com.cihub.fixtures.CalculatorTest" time="0.001"/>
  <testcase name="testIsPrimeTrue" classname="com.cihub.fixtures.CalculatorTest" time="0.001"/>
  <testcase name="testFactorialOne" classname="com.cihub.fixtures.CalculatorTest" time="0.001"/>
  <testcase name="testIsEvenTrue" classname="com.cihub.fixtures.CalculatorTest" time="0.001"/>
  <testcase name="testReset" classname="com.cihub.fixtures.CalculatorTest" time="0.001"/>
  <testcase name="testSumNegative" classname="com.cihub.fixtures.CalculatorTest" time="0.001"/>
  <testcase name="testSumEmpty" classname="com.cihub.fixtures.CalculatorTest" time="0.001"/>
  <testcase name="testFibonacciZero" classname="com.cihub.fixtures.CalculatorTest" time="0.001"/>
  <testcase name="testMinSecondSmaller" classname="com.cihub.fixtures.CalculatorTest" time="0.003"/>
  <testcase name="testAverage" classname="com.cihub.fixtures.CalculatorTest" time="0.001"/>
  <testcase name="testAddPositive" classname="com.cihub.fixtures.CalculatorTest" time="0.001"/>
  <testcase name="testFactorialNegativeThrows" classname="com.cihub.fixtures.CalculatorTest" time="0.002"/>
  <testcase name="testAddNegative" classname="com.cihub.fixtures.CalculatorTest" time="0.001"/>
  <testcase name="testMinEqual" classname="com.cihub.fixtures.CalculatorTest" time="0.0"/>
  <testcase name="testFactorialSmall" classname="com.cihub.fixtures.CalculatorTest" time="0.001"/>
  <testcase name="testMultiplyPositive" classname="com.cihub.fixtures.CalculatorTest" time="0.0"/>
  <testcase name="testGcdZero" classname="com.cihub.fixtures.CalculatorTest" time="0.001"/>
  <testcase name="testAddMixed" classname="com.cihub.fixtures.CalculatorTest" time="0.001"/>
  <testcase name="testMinFirstSmaller" classname="com.cihub.fixtures.CalculatorTest" time="0.001"/>
  <testcase name="testMultiplyNegative" classname="com.cihub.fixtures.CalculatorTest" time="0.002"/>
  <testcase name="testLcmZero" classname="com.cihub.fixtures.CalculatorTest" time="0.001"/>
  <testcase name="testMaxFirstLarger" classname="com.cihub.fixtures.CalculatorTest" time="0.001"/>
  <testcase name="testAbsoluteValueZero" classname="com.cihub.fixtures.CalculatorTest" time="0.001"/>
  <testcase name="testClampInRange" classname="com.cihub.fixtures.CalculatorTest" time="0.001"/>
  <testcase name="testAddToValue" classname="com.cihub.fixtures.CalculatorTest" time="0.001"/>
  <testcase name="testIsOddFalse" classname="com.cihub.fixtures.CalculatorTest" time="0.001"/>
  <testcase name="testIsPrimeNegative" classname="com.cihub.fixtures.CalculatorTest" time="0.001"/>
  <testcase name="testFibonacciSequence" classname="com.cihub.fixtures.CalculatorTest" time="0.001"/>
  <testcase name="testLcmCoprime" classname="com.cihub.fixtures.CalculatorTest" time="0.001"/>
  <testcase name="testIsPositiveFalse" classname="com.cihub.fixtures.CalculatorTest" time="0.001"/>
  <testcase name="testGcdBasic" classname="com.cihub.fixtures.CalculatorTest" time="0.0"/>
  <testcase name="testIsEvenFalse" classname="com.cihub.fixtures.CalculatorTest" time="0.001"/>
  <testcase name="testLcmBasic" classname="com.cihub.fixtures.CalculatorTest" time="0.001"/>
  <testcase name="testAbsoluteValuePositive" classname="com.cihub.fixtures.CalculatorTest" time="0.001"/>
  <testcase name="testMaxEqual" classname="com.cihub.fixtures.CalculatorTest" time="0.0"/>
  <testcase name="testAbsoluteValueNegative" classname="com.cihub.fixtures.CalculatorTest" time="0.0"/>
  <testcase name="testGetHistory" classname="com.cihub.fixtures.CalculatorTest" time="0.002"/>
  <testcase name="testMultiplyZero" classname="com.cihub.fixtures.CalculatorTest" time="0.0"/>
  <testcase name="testAverageSingle" classname="com.cihub.fixtures.CalculatorTest" time="0.0"/>
  <testcase name="testIsNegativeFalse" classname="com.cihub.fixtures.CalculatorTest" time="0.002"/>
  <testcase name="testSumSingle" classname="com.cihub.fixtures.CalculatorTest" time="0.001"/>
  <testcase name="testSubtractNegativeResult" classname="com.cihub.fixtures.CalculatorTest" time="0.001"/>
  <testcase name="testGcdNegative" classname="com.cihub.fixtures.CalculatorTest" time="0.001"/>
  <testcase name="testAverageNull" classname="com.cihub.fixtures.CalculatorTest" time="0.001"/>
  <testcase name="testMinNegative" classname="com.cihub.fixtures.CalculatorTest" time="0.001"/>
  <testcase name="testSubtractPositive" classname="com.cihub.fixtures.CalculatorTest" time="0.0"/>
  <testcase name="testFibonacciNegativeThrows" classname="com.cihub.fixtures.CalculatorTest" time="0.001"/>
  <testcase name="testLcmOneDividesOther" classname="com.cihub.fixtures.CalculatorTest" time="0.001"/>
  <testcase name="testMaxSecondLarger" classname="com.cihub.fixtures.CalculatorTest" time="0.002"/>
  <testcase name="testFactorialLarger" classname="com.cihub.fixtures.CalculatorTest" time="0.001"/>
  <testcase name="testSubtractZero" classname="com.cihub.fixtures.CalculatorTest" time="0.001"/>
  <testcase name="testIsPrimeFalse" classname="com.cihub.fixtures.CalculatorTest" time="0.001"/>
  <testcase name="testDividePositive" classname="com.cihub.fixtures.CalculatorTest" time="0.0"/>
  <testcase name="testClampAtMax" classname="com.cihub.fixtures.CalculatorTest" time="0.001"/>
  <testcase name="testClampAtMin" classname="com.cihub.fixtures.CalculatorTest" time="0.001"/>
</testsuite>