<?xml version="1.0" encoding="utf-8"?><testsuites name="pytest tests"><testsuite name="pytest" errors="0" failures="0" skipped="0" tests="74" time="2.192" timestamp="2025-12-15T23:34:16.416873+00:00" hostname="runnervm6qbrg"><properties>
[...]
</properties><testcase classname="tests.test_mathops.TestBasicArithmetic" name="test_add_positive_numbers" time="0.001" /><testcase classname="tests.test_mathops.TestBasicArithmetic" name="test_add_negative_numbers" time="0.001" /><testcase classname="tests.test_mathops.TestBasicArithmetic" name="test_add_mixed_numbers" time="0.001" /><testcase classname="tests.test_mathops.TestBasicArithmetic" name="test_add_zero" time="0.001" /><testcase classname="tests.test_mathops.TestBasicArithmetic" name="test_subtract_positive" time="0.001" /><testcase classname="tests.test_mathops.TestBasicArithmetic" name="test_subtract_negative_result" time="0.001" /><testcase classname="tests.test_mathops.TestBasicArithmetic" name="test_subtract_zero" time="0.001" /><testcase classname="tests.test_mathops.TestBasicArithmetic" name="test_multiply_positive" time="0.001" /><testcase classname="tests.test_mathops.TestBasicArithmetic" name="test_multiply_negative" time="0.001" /><testcase classname="tests.test_mathops.TestBasicArithmetic" name="test_multiply_zero" time="0.001" /><testcase classname="tests.test_mathops.TestBasicArithmetic" name="test_divide_positive" time="0.001" /><testcase classname="tests.test_mathops.TestBasicArithmetic" name="test_divide_by_zero" time="0.001" /><testcase classname="tests.test_mathops.TestBasicArithmetic" name="test_divide_negative" time="0.001" /><testcase classname="tests.test_mathops.TestPredicates" name="test_is_positive" time="0.001" /><testcase classname="tests.test_mathops.TestPredicates" name="test_is_positive_false" time="0.001" /><testcase classname="tests.test_mathops.TestPredicates" name="test_is_negative" time="0.001" /><testcase classname="tests.test_mathops.TestPredicates" name="test_is_negative_false" time="0.001" /><testcase classname="tests.test_mathops.TestPredicates" name="test_is_even" time="0.001" /><testcase classname="tests.test_mathops.TestPredicates" name="test_is_even_false" time="0.001" /><testcase classname="tests.test_mathops.TestPredicates" name="test_is_odd" time="0.001" /><testcase classname="tests.test_mathops.TestPredicates" name="test_is_odd_false" time="0.001" /><testcase classname="tests.test_mathops.TestAbsoluteValue" name="test_positive_unchanged" time="0.001" /><testcase classname="tests.test_mathops.TestAbsoluteValue" name="test_negative_becomes_positive" time="0.001" /><testcase classname="tests.test_mathops.TestAbsoluteValue" name="test_zero" time="0.001" /><testcase classname="tests.test_mathops.TestMinMax" name="test_max_first_larger" time="0.001" /><testcase classname="tests.test_mathops.TestMinMax" name="test_max_second_larger" time="0.001" /><testcase classname="tests.test_mathops.TestMinMax" name="test_max_equal" time="0.001" /><testcase classname="tests.test_mathops.TestMinMax" name="test_max_negative" time="0.001" /><testcase classname="tests.test_mathops.TestMinMax" name="test_min_first_smaller" time="0.001" /><testcase classname="tests.test_mathops.TestMinMax" name="test_min_second_smaller" time="0.001" /><testcase classname="tests.test_mathops.TestMinMax" name="test_min_equal" time="0.001" /><testcase classname="tests.test_mathops.TestMinMax" name="test_min_negative" time="0.001" /><testcase classname="tests.test_mathops.TestClamp" name="test_value_in_range" time="0.001" /><testcase classname="tests.test_mathops.TestClamp" name="test_value_below_min" time="0.001" /><testcase classname="tests.test_mathops.TestClamp" name="test_value_above_max" time="0.001" /><testcase classname="tests.test_mathops.TestClamp" name="test_value_at_min" time="0.001" /><testcase classname="tests.test_mathops.TestClamp" name="test_value_at_max" time="0.001" /><testcase classname="tests.test_mathops.TestListOperations" name="test_sum_list" time="0.001" /><testcase classname="tests.test_mathops.TestListOperations" name="test_sum_list_empty" time="0.001" /><testcase classname="tests.test_mathops.TestListOperations" name="test_sum_list_single" time="0.001" /><testcase classname="tests.test_mathops.TestListOperations" name="test_sum_list_negative" time="0.001" /><testcase classname="tests.test_mathops.TestListOperations" name="test_average" time="0.001" /><testcase classname="tests.test_mathops.TestListOperations" name="test_average_empty" time="0.001" /><testcase classname="tests.test_mathops.TestListOperations" name="test_average_single" time="0.001" /><testcase classname="tests.test_mathops.TestFactorial" name="test_factorial_zero" time="0.001" /><testcase classname="tests.test_mathops.TestFactorial" name="test_factorial_one" time="0.001" /><testcase classname="tests.test_mathops.TestFactorial" name="test_factorial_small" time="0.001" /><testcase classname="tests.test_mathops.TestFactorial" name="test_factorial_larger" time="0.001" /><testcase classname="tests.test_mathops.TestFactorial" name="test_factorial_negative_raises" time="0.001" /><testcase classname="tests.test_mathops.TestFibonacci" name="test_fibonacci_zero" time="0.001" /><testcase classname="tests.test_mathops.TestFibonacci" name="test_fibonacci_one" time="0.001" /><testcase classname="tests.test_mathops.TestFibonacci" name="test_fibonacci_sequence" time="0.001" /><testcase classname="tests.test_mathops.TestFibonacci" name="test_fibonacci_negative_raises" time="0.001" /><testcase classname="tests.test_mathops.TestIsPrime" name="test_primes" time="0.001" /><testcase classname="tests.test_mathops.TestIsPrime" name="test_not_primes" time="0.001" /><testcase classname="tests.test_mathops.TestIsPrime" name="test_negative_not_prime" time="0.001" /><testcase classname="tests.test_mathops.TestGcdLcm" name="test_gcd_basic" time="0.001" /><testcase classname="tests.test_mathops.TestGcdLcm" name="test_gcd_coprime" time="0.001" /><testcase classname="tests.test_mathops.TestGcdLcm" name="test_gcd_one_divides_other" time="0.001" /><testcase classname="tests.test_mathops.TestGcdLcm" name="test_gcd_negative" time="0.001" /><testcase classname="tests.test_mathops.TestGcdLcm" name="test_gcd_zero" time="0.001" /><testcase classname="tests.test_mathops.TestGcdLcm" name="test_lcm_basic" time="0.001" /><testcase classname="tests.test_mathops.TestGcdLcm" name="test_lcm_coprime" time="0.001" /><testcase classname="tests.test_mathops.TestGcdLcm" name="test_lcm_one_divides_other" time="0.001" /><testcase classname="tests.test_mathops.TestGcdLcm" name="test_lcm_zero" time="0.001" /><testcase classname="tests.test_mathops.TestPropertyBased" name="test_add_commutative" time="0.200" /><testcase classname="tests.test_mathops.TestPropertyBased" name="test_multiply_commutative" time="0.113" /><testcase classname="tests.test_mathops.TestPropertyBased" name="test_add_zero_identity" time="0.078" /><testcase classname="tests.test_mathops.TestPropertyBased" name="test_multiply_one_identity" time="0.079" /><testcase classname="tests.test_mathops.TestPropertyBased" name="test_absolute_value_non_negative" time="0.078" /><testcase classname="tests.test_mathops.TestPropertyBased" name="test_is_even_or_odd" time="0.079" /><testcase classname="tests.test_mathops.TestPropertyBased" name="test_max_ge_min" time="0.086" /><testcase classname="tests.test_mathops.TestPropertyBased" name="test_factorial_non_negative" time="0.017" /><testcase classname="tests.test_mathops.TestPropertyBased" name="test_gcd_divides_both" time="0.109" /></testsuite></testsuites>