<?xml version="1.0" encoding="UTF-8"?>
<testsuite xmlns:xsi="http://www.w3.org/2001/XMLSchema-instance" xsi:noNamespaceSchemaLocation="https://maven.apache.org/surefire/maven-surefire-plugin/xsd/surefire-test-report.xsd" version="3.0.2" name="com.example.quoteservice.QuoteControllerTest" time="3.282" tests="4" errors="0" skipped="0" failures="0">
  <properties>
[...]
</properties>
  <testcase name="getRandomQuote_returnsSuccessWithValidId" classname="com.example.quoteservice.QuoteControllerTest" time="0.929">
    <system-out><![CDATA[23:34:39.097 [main] INFO org.springframework.test.context.support.AnnotationConfigContextLoaderUtils -- Could not detect default configuration classes for test class [com.example.quoteservice.QuoteControllerTest]: QuoteControllerTest does not declare any static, non-private, non-final, nested classes annotated with @Configuration.
23:34:39.303 [main] INFO org.springframework.boot.test.context.SpringBootTestContextBootstrapper -- Found @SpringBootConfiguration com.example.quoteservice.QuoteServiceApplication for test class com.example.quoteservice.QuoteControllerTest

  .   ____          _            __ _ _
 /\\ / ___'_ __ _ _(_)_ __  __ _ \ \ \ \
( ( )\___ | '_ | '_| | '_ \/ _` | \ \ \ \
 \\/  ___)| |_)| | | | | || (_| |  ) ) ) )
  '  |____| .__|_| |_|_| |_\__, | / / / /
 =========|_|==============|___/=/_/_/_/

 :: Spring Boot ::                (v4.0.0)

2025-12-15T23:34:39.977Z  INFO 2575 --- [quote-service] [           main] c.e.quoteservice.QuoteControllerTest     : Starting QuoteControllerTest using Java 21.0.9 with PID 2575 (started by runner in /home/runner/work/ci-cd-hub/ci-cd-hub/repo/modules/03-quote-service)
2025-12-15T23:34:39.979Z  INFO 2575 --- [quote-service] [           main] c.e.quoteservice.QuoteControllerTest     : No active profile set, falling back to 1 default profile: "default"
2025-12-15T23:34:41.020Z  INFO 2575 --- [quote-service] [           main] o.s.b.t.m.w.SpringBootMockServletContext : Initializing Spring TestDispatcherServlet ''
2025-12-15T23:34:41.021Z  INFO 2575 --- [quote-service] [           main] o.s.t.web.servlet.TestDispatcherServlet  : Initializing Servlet ''
2025-12-15T23:34:41.024Z  INFO 2575 --- [quote-service] [           main] o.s.t.web.servlet.TestDispatcherServlet  : Completed initialization in 2 ms
2025-12-15T23:34:41.060Z  INFO 2575 --- [quote-service] [           main] c.e.quoteservice.QuoteControllerTest     : Started QuoteControllerTest in 1.652 seconds (process running for 3.387)
]]></system-out>
    <system-err><![CDATA[Mockito is currently self-attaching to enable the inline-mock-maker. This will no longer work in future releases of the JDK. Please add Mockito as an agent to your build as described in Mockito's documentation: https://javadoc.io/doc/org.mockito/mockito-core/latest/org.mockito/org/mockito/Mockito.html#0.3
WARNING: A Java agent has been loaded dynamically (/home/runner/.m2/repository/net/bytebuddy/byte-buddy-agent/1.17.8/byte-buddy-agent-1.17.8.jar)
WARNING: If a serviceability tool is in use, please run with -XX:+EnableDynamicAgentLoading to hide this warning
WARNING: If a serviceability tool is not in use, please run with -Djdk.instrument.traceUsage for more information
WARNING: Dynamic loading of agents will be disallowed by default in a future release
]]></system-err>
  </testcase>
  <testcase name="getAllQuotes_returnsListOf10Quotes" classname="com.example.quoteservice.QuoteControllerTest" time="0.016"/>
  <testcase name="getQuoteById_withInvalidId_returns404" classname="com.example.quoteservice.QuoteControllerTest" time="0.02"/>
  <testcase name="getQuoteById_withValidId_returnsQuote" classname="com.example.quoteservice.QuoteControllerTest" time="0.007"/>
</testsuite>