<?xml version="1.0" encoding="UTF-8"?>
<testsuite xmlns:xsi="http://www.w3.org/2001/XMLSchema-instance" xsi:noNamespaceSchemaLocation="https://maven.apache.org/surefire/maven-surefire-plugin/xsd/surefire-test-report.xsd" version="3.0.2" name="com.example.schedulingtasks.SchedulingTasksApplicationTests" time="0.23" tests="1" errors="0" skipped="0" failures="0">
  <properties>
[...]
</properties>
  <testcase name="contextLoads" classname="com.example.schedulingtasks.SchedulingTasksApplicationTests" time="0.005">
    <system-out><![CDATA[2025-12-15T23:34:36.842Z  INFO 2505 --- [scheduling-tasks] [           main] t.c.s.AnnotationConfigContextLoaderUtils : Could not detect default configuration classes for test class [com.example.schedulingtasks.SchedulingTasksApplicationTests]: SchedulingTasksApplicationTests does not declare any static, non-private, non-final, nested classes annotated with @Configuration.
2025-12-15T23:34:36.849Z  INFO 2505 --- [scheduling-tasks] [           main] .b.t.c.SpringBootTestContextBootstrapper : Found @SpringBootConfiguration com.example.schedulingtasks.SchedulingTasksApplication for test class com.example.schedulingtasks.SchedulingTasksApplicationTests

  .   ____          _            __ _ _
 /\\ / ___'_ __ _ _(_)_ __  __ _ \ \ \ \
( ( )\___ | '_ | '_| | '_ \/ _` | \ \ \ \
 \\/  ___)| |_)| | | | | || (_| |  ) ) ) )
  '  |____| .__|_| |_|_| |_\__, | / / / /
 =========|_|==============|___/=/_/_/_/

 :: Spring Boot ::                (v4.0.0)

2025-12-15T23:34:36.913Z  INFO 2505 --- [scheduling-tasks] [           main] c.e.s.SchedulingTasksApplicationTests    : Starting SchedulingTasksApplicationTests using Java 21.0.9 with PID 2505 (started by runner in /home/runner/work/ci-cd-hub/ci-cd-hub/repo/modules/02-spring-scheduling-tasks)
2025-12-15T23:34:36.914Z  INFO 2505 --- [scheduling-tasks] [           main] c.e.s.SchedulingTasksApplicationTests    : No active profile set, falling back to 1 default profile: "default"
2025-12-15T23:34:37.051Z  INFO 2505 --- [scheduling-tasks] [           main] c.e.s.SchedulingTasksApplicationTests    : Started SchedulingTasksApplicationTests in 0.193 seconds (process running for 8.851)
2025-12-15T23:34:37.052Z  INFO 2505 --- [scheduling-tasks] [   scheduling-1] c.e.schedulingtasks.ScheduledTasks       : The time is now 23:34:37
]]></system-out>
  </testcase>
</testsuite>